
The following have been reloaded with a version change:
  1) GCCcore/11.2.0 => GCCcore/12.3.0
  2) Python/3.8.16-GCCcore-11.2.0 => Python/3.11.3-GCCcore-12.3.0
  3) SQLite/3.36-GCCcore-11.2.0 => SQLite/3.42.0-GCCcore-12.3.0
  4) Tcl/8.6.11-GCCcore-11.2.0 => Tcl/8.6.13-GCCcore-12.3.0
  5) XZ/5.2.5-GCCcore-11.2.0 => XZ/5.4.2-GCCcore-12.3.0
  6) binutils/2.37-GCCcore-11.2.0 => binutils/2.40-GCCcore-12.3.0
  7) bzip2/1.0.8-GCCcore-11.2.0 => bzip2/1.0.8-GCCcore-12.3.0
  8) libffi/3.4.2-GCCcore-11.2.0 => libffi/3.4.4-GCCcore-12.3.0
  9) libreadline/8.1-GCCcore-11.2.0 => libreadline/8.2-GCCcore-12.3.0
 10) ncurses/6.2-GCCcore-11.2.0 => ncurses/6.4-GCCcore-12.3.0
 11) zlib/1.2.11-GCCcore-11.2.0 => zlib/1.2.13-GCCcore-12.3.0


The following have been reloaded with a version change:
  1) FFTW/3.3.10-GCC-12.3.0 => FFTW/3.3.10-GCC-11.3.0
  2) FlexiBLAS/3.3.1-GCC-12.3.0 => FlexiBLAS/3.2.0-GCC-11.3.0
  3) GCC/12.3.0 => GCC/11.3.0
  4) GCCcore/12.3.0 => GCCcore/11.3.0
  5) GMP/6.2.1-GCCcore-11.2.0 => GMP/6.2.1-GCCcore-11.3.0
  6) OpenBLAS/0.3.23-GCC-12.3.0 => OpenBLAS/0.3.20-GCC-11.3.0
  7) Python/3.11.3-GCCcore-12.3.0 => Python/3.10.4-GCCcore-11.3.0
  8) SQLite/3.42.0-GCCcore-12.3.0 => SQLite/3.38.3-GCCcore-11.3.0
  9) SciPy-bundle/2023.07-gfbf-2023a => SciPy-bundle/2022.05-foss-2022a
 10) Tcl/8.6.13-GCCcore-12.3.0 => Tcl/8.6.12-GCCcore-11.3.0
 11) XZ/5.4.2-GCCcore-12.3.0 => XZ/5.2.5-GCCcore-11.3.0
 12) binutils/2.40-GCCcore-12.3.0 => binutils/2.38-GCCcore-11.3.0
 13) bzip2/1.0.8-GCCcore-12.3.0 => bzip2/1.0.8-GCCcore-11.3.0
 14) libffi/3.4.4-GCCcore-12.3.0 => libffi/3.4.2-GCCcore-11.3.0
 15) libreadline/8.2-GCCcore-12.3.0 => libreadline/8.1.2-GCCcore-11.3.0
 16) ncurses/6.4-GCCcore-12.3.0 => ncurses/6.3-GCCcore-11.3.0
 17) pybind11/2.11.1-GCCcore-12.3.0 => pybind11/2.9.2-GCCcore-11.3.0
 18) zlib/1.2.13-GCCcore-12.3.0 => zlib/1.2.12-GCCcore-11.3.0

[DEBUG 12:06:51] git.cmd Popen(['git', 'version'], cwd=/home3/s5279402/master_thesis_pymarl, stdin=None, shell=False, universal_newlines=False)
[DEBUG 12:06:51] git.cmd Popen(['git', 'version'], cwd=/home3/s5279402/master_thesis_pymarl, stdin=None, shell=False, universal_newlines=False)
[DEBUG 12:06:51] git.cmd Popen(['git', 'diff', '--cached', '--abbrev=40', '--full-index', '--raw'], cwd=/home3/s5279402/master_thesis_pymarl, stdin=None, shell=False, universal_newlines=False)
[DEBUG 12:06:51] git.cmd Popen(['git', 'diff', '--abbrev=40', '--full-index', '--raw'], cwd=/home3/s5279402/master_thesis_pymarl, stdin=None, shell=False, universal_newlines=False)
[DEBUG 12:06:51] git.cmd Popen(['git', 'cat-file', '--batch-check'], cwd=/home3/s5279402/master_thesis_pymarl, stdin=<valid stream>, shell=False, universal_newlines=False)
[DEBUG 12:06:51] git.cmd Popen(['git', 'diff', '--cached', '--abbrev=40', '--full-index', '--raw'], cwd=/home3/s5279402/master_thesis_pymarl, stdin=None, shell=False, universal_newlines=False)
[DEBUG 12:06:51] git.cmd Popen(['git', 'diff', '--abbrev=40', '--full-index', '--raw'], cwd=/home3/s5279402/master_thesis_pymarl, stdin=None, shell=False, universal_newlines=False)
[DEBUG 12:06:51] git.cmd Popen(['git', 'cat-file', '--batch-check'], cwd=/home3/s5279402/master_thesis_pymarl, stdin=<valid stream>, shell=False, universal_newlines=False)
[DEBUG 12:06:51] git.cmd Popen(['git', 'diff', '--cached', '--abbrev=40', '--full-index', '--raw'], cwd=/home3/s5279402/master_thesis_pymarl, stdin=None, shell=False, universal_newlines=False)
[DEBUG 12:06:51] git.cmd Popen(['git', 'diff', '--abbrev=40', '--full-index', '--raw'], cwd=/home3/s5279402/master_thesis_pymarl, stdin=None, shell=False, universal_newlines=False)
[DEBUG 12:06:51] git.cmd Popen(['git', 'cat-file', '--batch-check'], cwd=/home3/s5279402/master_thesis_pymarl, stdin=<valid stream>, shell=False, universal_newlines=False)
[INFO 12:06:51] root Saving to FileStorageObserver in results/sacred.
[DEBUG 12:06:52] pymarl Using capture mode "fd"
[INFO 12:06:52] pymarl Running command 'my_main'
[INFO 12:06:52] pymarl Started run with ID "1"
[DEBUG 12:06:52] pymarl Starting Heartbeat
[DEBUG 12:06:52] my_main Started
[WARNING 12:06:52] my_main CUDA flag use_cuda was switched OFF automatically because no CUDA devices are available!
[INFO 12:06:52] my_main Experiment Parameters:
[INFO 12:06:52] my_main 

{   'action_selector': 'epsilon_greedy',
    'agent': 'rnn',
    'agent_output_type': 'q',
    'batch_size': 32,
    'batch_size_run': 1,
    'buffer_cpu_only': True,
    'buffer_size': 5000,
    'checkpoint_path': '',
    'critic_lr': 0.0005,
    'double_q': True,
    'env': 'sc2',
    'env_args': {   'continuing_episode': False,
                    'debug': False,
                    'difficulty': '7',
                    'game_version': None,
                    'heuristic_ai': False,
                    'heuristic_rest': False,
                    'map_name': '3m',
                    'move_amount': 2,
                    'obs_all_health': True,
                    'obs_instead_of_state': False,
                    'obs_last_action': False,
                    'obs_own_health': True,
                    'obs_pathing_grid': False,
                    'obs_terrain_height': False,
                    'obs_timestep_number': False,
                    'replay_dir': '',
                    'replay_prefix': '',
                    'reward_death_value': 10,
                    'reward_defeat': 0,
                    'reward_negative_scale': 0.5,
                    'reward_only_positive': True,
                    'reward_scale': True,
                    'reward_scale_rate': 20,
                    'reward_sparse': False,
                    'reward_win': 200,
                    'seed': 540365605,
                    'state_last_action': True,
                    'state_timestep_number': False,
                    'step_mul': 8},
    'epsilon_anneal_time': 50000,
    'epsilon_finish': 0.05,
    'epsilon_start': 1.0,
    'evaluate': False,
    'gamma': 0.99,
    'grad_norm_clip': 10,
    'hypernet_embed': 64,
    'hypernet_layers': 2,
    'label': 'default_label',
    'learner': 'q_learner',
    'learner_log_interval': 10000,
    'load_step': 0,
    'local_results_path': 'results',
    'log_interval': 10000,
    'lr': 0.0005,
    'mac': 'basic_mac',
    'mixer': 'qmix',
    'mixing_embed_dim': 32,
    'name': 'qmix',
    'obs_agent_id': True,
    'obs_last_action': True,
    'optim_alpha': 0.99,
    'optim_eps': 1e-05,
    'repeat_id': 1,
    'rnn_hidden_dim': 64,
    'runner': 'episode',
    'runner_log_interval': 10000,
    'save_model': True,
    'save_model_interval': 2000000,
    'save_replay': False,
    'seed': 540365605,
    't_max': 2050000,
    'target_update_interval': 200,
    'test_greedy': True,
    'test_interval': 10000,
    'test_nepisode': 32,
    'use_cuda': False,
    'use_tensorboard': True}

[INFO 12:06:52] my_main Beginning training for 2050000 timesteps
[INFO 12:06:52] absl Launching SC2: /home3/s5279402/master_thesis_pymarl/3rdparty/StarCraftII/Versions/Base75689/SC2_x64 -listen 127.0.0.1 -port 39499 -dataDir /home3/s5279402/master_thesis_pymarl/3rdparty/StarCraftII/ -tempDir /tmp/sc-zth9a1v0/
[INFO 12:06:52] absl Connecting to: ws://127.0.0.1:39499/sc2api, attempt: 0, running: True
Version: B75689 (SC2.4.10)
Build: Aug 12 2019 17:16:57
Command Line: '"/home3/s5279402/master_thesis_pymarl/3rdparty/StarCraftII/Versions/Base75689/SC2_x64" -listen 127.0.0.1 -port 39499 -dataDir /home3/s5279402/master_thesis_pymarl/3rdparty/StarCraftII/ -tempDir /tmp/sc-zth9a1v0/'
Starting up...
Startup Phase 1 complete
[INFO 12:06:53] absl Connecting to: ws://127.0.0.1:39499/sc2api, attempt: 1, running: True
Startup Phase 2 complete
Creating stub renderer...
Listening on: 127.0.0.1:39499
Startup Phase 3 complete. Ready for commands.
[INFO 12:06:54] absl Connecting to: ws://127.0.0.1:39499/sc2api, attempt: 2, running: True
ConnectHandler: Request from 127.0.0.1:44210 accepted
ReadyHandler: 127.0.0.1:44210 ready
Requesting to join a single player game
Configuring interface options
Configure: raw interface enabled
Configure: feature layer interface disabled
Configure: score interface disabled
Configure: render interface disabled
Launching next game.
Next launch phase started: 2
Next launch phase started: 3
Next launch phase started: 4
Next launch phase started: 5
Next launch phase started: 6
Next launch phase started: 7
Next launch phase started: 8
Game has started.
Using default stable ids, none found at: /home3/s5279402/master_thesis_pymarl/3rdparty/StarCraftII/stableid.json
Successfully loaded stable ids: GameData\stableid.json
Sending ResponseJoinGame
[INFO 12:06:58] my_main t_env: 55 / 2050000
[INFO 12:06:58] my_main Estimated time left: 22 minutes, 34 seconds. Time passed: 6 seconds
[INFO 12:07:04] my_main Saving models to results/models/qmix__2024-02-07_12-06-52/55
